0 info it worked if it ends with ok
1 verbose cli [ '/home/zecho/.nvm/versions/node/v5.3.0/bin/node',
1 verbose cli   '/home/zecho/.nvm/versions/node/v5.3.0/bin/npm',
1 verbose cli   'install',
1 verbose cli   '-g',
1 verbose cli   'ionic',
1 verbose cli   'upadate' ]
2 info using npm@3.3.12
3 info using node@v5.3.0
4 silly loadCurrentTree Starting
5 silly install loadCurrentTree
6 silly install readGlobalPackageData
7 silly fetchPackageMetaData ionic
8 silly fetchPackageMetaData upadate
9 silly fetchNamedPackageData ionic
10 silly mapToRegistry name ionic
11 silly mapToRegistry using default registry
12 silly mapToRegistry registry https://registry.npmjs.org/
13 silly mapToRegistry uri https://registry.npmjs.org/ionic
14 silly fetchNamedPackageData upadate
15 silly mapToRegistry name upadate
16 silly mapToRegistry using default registry
17 silly mapToRegistry registry https://registry.npmjs.org/
18 silly mapToRegistry uri https://registry.npmjs.org/upadate
19 verbose request uri https://registry.npmjs.org/upadate
20 verbose request no auth needed
21 info attempt registry request try #1 at 12:38:19
22 verbose request id 8f6a238fc93ecfc7
23 http request GET https://registry.npmjs.org/upadate
24 verbose request uri https://registry.npmjs.org/ionic
25 verbose request no auth needed
26 info attempt registry request try #1 at 12:38:19
27 verbose etag "2XGDAN51LW4B5AQOP8XR8JXKC"
28 http request GET https://registry.npmjs.org/ionic
29 http 404 https://registry.npmjs.org/upadate
30 verbose headers { 'content-type': 'application/json',
30 verbose headers   'cache-control': 'max-age=0',
30 verbose headers   'content-length': '2',
30 verbose headers   'accept-ranges': 'bytes',
30 verbose headers   date: 'Mon, 01 Feb 2016 17:08:22 GMT',
30 verbose headers   via: '1.1 varnish',
30 verbose headers   age: '0',
30 verbose headers   connection: 'keep-alive',
30 verbose headers   'x-served-by': 'cache-jfk1034-JFK',
30 verbose headers   'x-cache': 'MISS',
30 verbose headers   'x-cache-hits': '0',
30 verbose headers   'x-timer': 'S1454346502.384196,VS0,VE98' }
31 silly get cb [ 404,
31 silly get   { 'content-type': 'application/json',
31 silly get     'cache-control': 'max-age=0',
31 silly get     'content-length': '2',
31 silly get     'accept-ranges': 'bytes',
31 silly get     date: 'Mon, 01 Feb 2016 17:08:22 GMT',
31 silly get     via: '1.1 varnish',
31 silly get     age: '0',
31 silly get     connection: 'keep-alive',
31 silly get     'x-served-by': 'cache-jfk1034-JFK',
31 silly get     'x-cache': 'MISS',
31 silly get     'x-cache-hits': '0',
31 silly get     'x-timer': 'S1454346502.384196,VS0,VE98' } ]
32 silly fetchPackageMetaData Error: Registry returned 404 for GET on https://registry.npmjs.org/upadate
32 silly fetchPackageMetaData     at makeError (/home/zecho/.nvm/versions/node/v5.3.0/lib/node_modules/npm/node_modules/npm-registry-client/lib/request.js:264:12)
32 silly fetchPackageMetaData     at CachingRegistryClient.<anonymous> (/home/zecho/.nvm/versions/node/v5.3.0/lib/node_modules/npm/node_modules/npm-registry-client/lib/request.js:242:14)
32 silly fetchPackageMetaData     at Request._callback (/home/zecho/.nvm/versions/node/v5.3.0/lib/node_modules/npm/node_modules/npm-registry-client/lib/request.js:172:14)
32 silly fetchPackageMetaData     at Request.self.callback (/home/zecho/.nvm/versions/node/v5.3.0/lib/node_modules/npm/node_modules/request/request.js:198:22)
32 silly fetchPackageMetaData     at emitTwo (events.js:87:13)
32 silly fetchPackageMetaData     at Request.emit (events.js:172:7)
32 silly fetchPackageMetaData     at Request.<anonymous> (/home/zecho/.nvm/versions/node/v5.3.0/lib/node_modules/npm/node_modules/request/request.js:1082:10)
32 silly fetchPackageMetaData     at emitOne (events.js:82:20)
32 silly fetchPackageMetaData     at Request.emit (events.js:169:7)
32 silly fetchPackageMetaData     at IncomingMessage.<anonymous> (/home/zecho/.nvm/versions/node/v5.3.0/lib/node_modules/npm/node_modules/request/request.js:1009:12)
32 silly fetchPackageMetaData  error for upadate { [Error: Registry returned 404 for GET on https://registry.npmjs.org/upadate] pkgid: 'upadate', statusCode: 404, code: 'E404' }
33 http 200 https://registry.npmjs.org/ionic
34 verbose headers { server: 'CouchDB/1.5.0 (Erlang OTP/R16B03)',
34 verbose headers   etag: '"6PII78BB43TSAD8WRLFUS00I2"',
34 verbose headers   'content-type': 'application/json',
34 verbose headers   'cache-control': 'max-age=300',
34 verbose headers   'content-length': '664494',
34 verbose headers   'accept-ranges': 'bytes',
34 verbose headers   date: 'Mon, 01 Feb 2016 17:08:22 GMT',
34 verbose headers   via: '1.1 varnish',
34 verbose headers   age: '127',
34 verbose headers   connection: 'keep-alive',
34 verbose headers   'x-served-by': 'cache-jfk1027-JFK',
34 verbose headers   'x-cache': 'HIT',
34 verbose headers   'x-cache-hits': '1',
34 verbose headers   'x-timer': 'S1454346502.394394,VS0,VE1',
34 verbose headers   vary: 'Accept' }
35 silly get cb [ 200,
35 silly get   { server: 'CouchDB/1.5.0 (Erlang OTP/R16B03)',
35 silly get     etag: '"6PII78BB43TSAD8WRLFUS00I2"',
35 silly get     'content-type': 'application/json',
35 silly get     'cache-control': 'max-age=300',
35 silly get     'content-length': '664494',
35 silly get     'accept-ranges': 'bytes',
35 silly get     date: 'Mon, 01 Feb 2016 17:08:22 GMT',
35 silly get     via: '1.1 varnish',
35 silly get     age: '127',
35 silly get     connection: 'keep-alive',
35 silly get     'x-served-by': 'cache-jfk1027-JFK',
35 silly get     'x-cache': 'HIT',
35 silly get     'x-cache-hits': '1',
35 silly get     'x-timer': 'S1454346502.394394,VS0,VE1',
35 silly get     vary: 'Accept' } ]
36 verbose get saving ionic to /home/zecho/.npm/registry.npmjs.org/ionic/.cache.json
37 silly rollbackFailedOptional Starting
38 silly rollbackFailedOptional Finishing
39 silly runTopLevelLifecycles Starting
40 silly runTopLevelLifecycles Finishing
41 silly install printInstalled
42 verbose stack Error: Registry returned 404 for GET on https://registry.npmjs.org/upadate
42 verbose stack     at makeError (/home/zecho/.nvm/versions/node/v5.3.0/lib/node_modules/npm/node_modules/npm-registry-client/lib/request.js:264:12)
42 verbose stack     at CachingRegistryClient.<anonymous> (/home/zecho/.nvm/versions/node/v5.3.0/lib/node_modules/npm/node_modules/npm-registry-client/lib/request.js:242:14)
42 verbose stack     at Request._callback (/home/zecho/.nvm/versions/node/v5.3.0/lib/node_modules/npm/node_modules/npm-registry-client/lib/request.js:172:14)
42 verbose stack     at Request.self.callback (/home/zecho/.nvm/versions/node/v5.3.0/lib/node_modules/npm/node_modules/request/request.js:198:22)
42 verbose stack     at emitTwo (events.js:87:13)
42 verbose stack     at Request.emit (events.js:172:7)
42 verbose stack     at Request.<anonymous> (/home/zecho/.nvm/versions/node/v5.3.0/lib/node_modules/npm/node_modules/request/request.js:1082:10)
42 verbose stack     at emitOne (events.js:82:20)
42 verbose stack     at Request.emit (events.js:169:7)
42 verbose stack     at IncomingMessage.<anonymous> (/home/zecho/.nvm/versions/node/v5.3.0/lib/node_modules/npm/node_modules/request/request.js:1009:12)
43 verbose statusCode 404
44 verbose pkgid upadate
45 verbose cwd /home/zecho/personal/proyectos/phonegap/td-consumer
46 error Linux 3.19.0-47-generic
47 error argv "/home/zecho/.nvm/versions/node/v5.3.0/bin/node" "/home/zecho/.nvm/versions/node/v5.3.0/bin/npm" "install" "-g" "ionic" "upadate"
48 error node v5.3.0
49 error npm  v3.3.12
50 error code E404
51 error 404 Registry returned 404 for GET on https://registry.npmjs.org/upadate
51 error 404
51 error 404 'upadate' is not in the npm registry.
51 error 404 You should bug the author to publish it (or use the name yourself!)
51 error 404
51 error 404 Note that you can also install from a
51 error 404 tarball, folder, http url, or git url.
52 verbose exit [ 1, true ]
